\BOOKMARK [1][-]{section.1}{Introduction}{}% 1
\BOOKMARK [2][-]{subsection.1.1}{Related Work}{section.1}% 2
\BOOKMARK [2][-]{subsection.1.2}{Outline}{section.1}% 3
\BOOKMARK [1][-]{section.2}{Methods}{}% 4
\BOOKMARK [2][-]{subsection.2.1}{Modeling Assumptions}{section.2}% 5
\BOOKMARK [2][-]{subsection.2.2}{Transition and Emission Probability Model}{section.2}% 6
\BOOKMARK [2][-]{subsection.2.3}{Phylogenetic States}{section.2}% 7
\BOOKMARK [2][-]{subsection.2.4}{Hidden Markov Model Analysis}{section.2}% 8
\BOOKMARK [3][-]{subsubsection.2.4.1}{Obtaining the Posterior}{subsection.2.4}% 9
\BOOKMARK [3][-]{subsubsection.2.4.2}{EM}{subsection.2.4}% 10
\BOOKMARK [1][-]{section.3}{Training}{}% 11
\BOOKMARK [1][-]{section.4}{Results}{}% 12
\BOOKMARK [2][-]{subsection.4.1}{Data}{section.4}% 13
\BOOKMARK [2][-]{subsection.4.2}{Posterior Estimates}{section.4}% 14
\BOOKMARK [2][-]{subsection.4.3}{Parameter Estimates}{section.4}% 15
\BOOKMARK [2][-]{subsection.4.4}{Posterior Distributions}{section.4}% 16
\BOOKMARK [2][-]{subsection.4.5}{Chromosome 21}{section.4}% 17
\BOOKMARK [2][-]{subsection.4.6}{Chromosome 22}{section.4}% 18
\BOOKMARK [3][-]{subsubsection.4.6.1}{Chromosome M}{subsection.4.6}% 19
\BOOKMARK [3][-]{subsubsection.4.6.2}{Chromosome Y}{subsection.4.6}% 20
\BOOKMARK [1][-]{section.5}{Discussion}{}% 21
\BOOKMARK [1][-]{section.6}{Conclusions}{}% 22
\BOOKMARK [1][-]{section.7}{References}{}% 23
\BOOKMARK [1][-]{section.8}{Appendix}{}% 24
